SELECT contact.iId, contact.sText, contact.iNumber, contact.dDate, country.sText as countryName FROM contact LEFT JOIN country ON contact.iCountryID = country.iId Order By sText asc

FORM elements: 


SELECT contact.iId, contact.sText, contact.iNumber, contact.dDate, country.sText as countryName FROM contact LEFT JOIN country ON contact.iCountryID = country.iId Order By contact.sText asc

FORM elements: 


SELECT contact.iId, contact.sText, contact.iNumber, contact.dDate, country.sText as countryName FROM contact LEFT JOIN country ON contact.iCountryID = country.iId Order By iNumber asc

FORM elements: 


SELECT contact.iId, contact.sText, contact.iNumber, contact.dDate, country.sText as countryName FROM contact LEFT JOIN country ON contact.iCountryID = country.iId Order By iNumber desc

FORM elements: 


SELECT contact.iId, contact.sText, contact.iNumber, contact.dDate, country.sText as countryName FROM contact LEFT JOIN country ON contact.iCountryID = country.iId Order By dDate asc

FORM elements: 


SELECT contact.iId, contact.sText, contact.iNumber, contact.dDate, country.sText as countryName FROM contact LEFT JOIN country ON contact.iCountryID = country.iId Order By dDate desc

FORM elements: 


SELECT contact.iId, contact.sText, contact.iNumber, contact.dDate, country.sText as countryName FROM contact LEFT JOIN country ON contact.iCountryID = country.iId Order By countryName asc

FORM elements: 


SELECT contact.iId, contact.sText, contact.iNumber, contact.dDate, country.sText as countryName FROM contact LEFT JOIN country ON contact.iCountryID = country.iId Order By countryName desc

FORM elements: 


SELECT contact.iId, contact.sText, contact.iNumber, contact.dDate, country.sText as countryName FROM contact LEFT JOIN country ON contact.iCountryID = country.iId Order By country.sText asc

FORM elements: 


SELECT contact.iId, contact.sText, contact.iNumber, contact.dDate, country.sText as countryName FROM contact LEFT JOIN country ON contact.iCountryID = country.iId Order By country.sText desc

FORM elements: 


SELECT contact.iId, contact.sText, contact.iNumber, contact.dDate, country.sText as countryName FROM contact LEFT JOIN country ON contact.iCountryID = country.iId Order By country.sText asc

FORM elements: 


SELECT contact.iId, contact.sText, contact.iNumber, contact.dDate, country.sText as countryName FROM contact LEFT JOIN country ON contact.iCountryID = country.iId Order By dDate asc

FORM elements: 


SELECT contact.iId, contact.sText, contact.iNumber, contact.dDate, country.sText as countryName FROM contact LEFT JOIN country ON contact.iCountryID = country.iId Order By dDate desc

FORM elements: 


SELECT contact.iId, contact.sText, contact.iNumber, contact.dDate, country.sText as countryName FROM contact LEFT JOIN country ON contact.iCountryID = country.iId Order By iNumber asc

FORM elements: 


SELECT contact.iId, contact.sText, contact.iNumber, contact.dDate, country.sText as countryName FROM contact LEFT JOIN country ON contact.iCountryID = country.iId Order By iNumber desc

FORM elements: 


SELECT contact.iId, contact.sText, contact.iNumber, contact.dDate, country.sText as countryName FROM contact LEFT JOIN country ON contact.iCountryID = country.iId Order By contact.sText asc

FORM elements: 


SELECT contact.iId, contact.sText, contact.iNumber, contact.dDate, country.sText as countryName FROM contact LEFT JOIN country ON contact.iCountryID = country.iId Order By contact.sText desc

FORM elements: 


SELECT contact.iId, contact.sText, contact.iNumber, contact.dDate, country.sText as countryName FROM contact LEFT JOIN country ON contact.iCountryID = country.iId Order By contact.sText asc

FORM elements: 


SELECT contact.iId, contact.sText, contact.iNumber, contact.dDate, country.sText as countryName FROM contact LEFT JOIN country ON contact.iCountryID = country.iId Order By contact.sText desc

FORM elements: 


SELECT contact.iId, contact.sText, contact.iNumber, contact.dDate, country.sText as countryName FROM contact LEFT JOIN country ON contact.iCountryID = country.iId Order By contact.sText asc

FORM elements: 


SELECT contact.iId, contact.sText, contact.iNumber, contact.dDate, country.sText as countryName FROM contact LEFT JOIN country ON contact.iCountryID = country.iId Order By contact.sText desc

FORM elements: 


SELECT contact.iId, contact.sText, contact.iNumber, contact.dDate, country.sText as countryName FROM contact LEFT JOIN country ON contact.iCountryID = country.iId Order By contact.sText asc

FORM elements: 


SELECT contact.iId, contact.sText, contact.iNumber, contact.dDate, country.sText as countryName FROM contact LEFT JOIN country ON contact.iCountryID = country.iId Order By iNumber asc

FORM elements: 


SELECT contact.iId, contact.sText, contact.iNumber, contact.dDate, country.sText as countryName FROM contact LEFT JOIN country ON contact.iCountryID = country.iId Order By contact.sText asc

FORM elements: 


SELECT contact.iId, contact.sText, contact.iNumber, contact.dDate, country.sText as countryName FROM contact LEFT JOIN country ON contact.iCountryID = country.iId Order By contact.sText asc

FORM elements: 


SELECT contact.iId, contact.sText, contact.iNumber, contact.dDate, country.sText as countryName FROM contact LEFT JOIN country ON contact.iCountryID = country.iId Order By contact.sText asc

FORM elements: 


SELECT contact.iId, contact.sText, contact.iNumber, contact.dDate, country.sText as countryName FROM contact LEFT JOIN country ON contact.iCountryID = country.iId Order By contact.sText asc

FORM elements: 


SELECT contact.iId, contact.sText, contact.iNumber, contact.dDate, country.sText as countryName FROM contact LEFT JOIN country ON contact.iCountryID = country.iId Order By country.sText asc

FORM elements: 


SELECT contact.iId, contact.sText, contact.iNumber, contact.dDate, country.sText as countryName FROM contact LEFT JOIN country ON contact.iCountryID = country.iId Order By country.sText desc

FORM elements: 


SELECT contact.iId, contact.sText, contact.iNumber, contact.dDate, country.sText as countryName FROM contact LEFT JOIN country ON contact.iCountryID = country.iId Order By country.sText asc

FORM elements: 


SELECT contact.iId, contact.sText, contact.iNumber, contact.dDate, country.sText as countryName FROM contact LEFT JOIN country ON contact.iCountryID = country.iId Order By country.sText asc

FORM elements: 


SELECT contact.iId, contact.sText, contact.iNumber, contact.dDate, country.sText as countryName FROM contact LEFT JOIN country ON contact.iCountryID = country.iId Order By country.sText asc

FORM elements: 


SELECT contact.iId, contact.sText, contact.iNumber, contact.dDate, country.sText as countryName FROM contact LEFT JOIN country ON contact.iCountryID = country.iId Order By contact.sText asc

FORM elements: 


SELECT contact.iId, contact.sText, contact.iNumber, contact.dDate, country.sText as countryName FROM contact LEFT JOIN country ON contact.iCountryID = country.iId Order By country.sText asc

FORM elements: 


SELECT contact.iId, contact.sText, contact.iNumber, contact.dDate, country.sText as countryName FROM contact LEFT JOIN country ON contact.iCountryID = country.iId Order By country.sText desc

FORM elements: 


SELECT contact.iId, contact.sText, contact.iNumber, contact.dDate, country.sText as countryName FROM contact LEFT JOIN country ON contact.iCountryID = country.iId Order By country.sText desc

FORM elements: 


